

<!DOCTYPE html>
<html>
<head>
<meta charset="UTF-8">
<meta name="viewport" content="width=device-width, initial-scale=1, shrink-to-fit=no">
<title>Automation Endlink Webapp</title>
<link rel="apple-touch-icon" href="https://cdn.jsdelivr.net/gh/extent-framework/extent-github-cdn@b00a2d0486596e73dd7326beacf352c639623a0e/commons/img/logo.png">
<link rel="shortcut icon" href="https://cdn.jsdelivr.net/gh/extent-framework/extent-github-cdn@b00a2d0486596e73dd7326beacf352c639623a0e/commons/img/logo.png">
<link href="https://cdn.jsdelivr.net/gh/extent-framework/extent-github-cdn@ce8b10435bcbae260c334c0d0c6b61d2c19b6168/spark/css/spark-style.css" rel="stylesheet" />
<link href="https://stackpath.bootstrapcdn.com/font-awesome/4.7.0/css/font-awesome.min.css" rel="stylesheet">
<script src="https://cdn.jsdelivr.net/gh/extent-framework/extent-github-cdn@7cc78ce/spark/js/jsontree.js"></script>
<style type="text/css"></style></head><body class="spa -report dark">
  <div class="app">
    <div class="layout">
<div class="header navbar">
<div class="vheader">
<div class="nav-logo">
<a href="#">
<div class="logo" style="background-image: url('https://cdn.jsdelivr.net/gh/extent-framework/extent-github-cdn@b00a2d0486596e73dd7326beacf352c639623a0e/commons/img/logo.png')"></div>
</a>
</div>
<ul class="nav-left">
<li class="search-box">
<a class="search-toggle" href="#">
<i class="search-icon fa fa-search"></i>
<i class="search-icon-close fa fa-close"></i>
</a>
</li>
<li class="search-input"><input id="search-tests" class="form-control" type="text" placeholder="Search..."></li>
</ul>
<ul class="nav-right">
<li class="m-r-10">
<a href="#"><span class="badge badge-primary">Automation tests results by Endlink QA Team</span></a>
</li>
<li class="m-r-10">
<a href="#"><span class="badge badge-primary">Nov 12, 2025 09:55:38 am</span></a>
</li>
</ul>
</div>
</div><div class="side-nav">
<div class="side-nav-inner">
<ul class="side-nav-menu">
<li class="nav-item dropdown" onclick="toggleView('test-view')">
<a id="nav-test" class="dropdown-toggle" href="#">
<span class="ico"><i class="fa fa-list"></i></span>
</a>
</li>
<li class="nav-item dropdown" onclick="toggleView('dashboard-view')">
<a id="nav-dashboard" class="dropdown-toggle" href="#">
<span class="ico"><i class="fa fa-bar-chart"></i></span>
</a>
</li>
</ul>
</div>
</div>      <div class="vcontainer">
        <div class="main-content">
<div class="test-wrapper row view test-view">
  <div class="test-list">
    <div class="test-list-tools">
<ul class="tools pull-left">
<li><a href="#"><span class="font-size-14">Tests</span></a></li>
</ul>
<ul class="tools text-right">
<li class="dropdown">
<a href="#" class="dropdown-toggle" data-toggle="dropdown"><i class="fa fa-exclamation-circle"></i></a>
<ul id="status-toggle" class="dropdown-menu dropdown-md p-v-0">
<a class="dropdown-item" status="pass" href="#"><span>Pass</span><span class="status success"></span></a>
<a class="dropdown-item" status="fail" href="#"><span>Fail</span><span class="status danger"></span></a>
<div class="dropdown-divider"></div>
<a status="clear" class="dropdown-item" href="#"><span>Clear</span><span class="pull-right"><i class="fa fa-close"></i></span></a>
</ul>
</li>
</ul>
</div>    <div class="test-list-wrapper scrollable">
      <ul class="test-list-item">
        <li class="test-item"  status="fail" test-id="1"
          author=""
          tag=""
          device="">
          <div class="test-detail">
            <p class="name">Test case method : sendMessageToCoworker</p>
            <p class="text-sm">
              <span>9:55:57 am</span> / <span>00:00:00:115</span>
              <span class="badge fail-bg log float-right">Fail</span>
            </p>
          </div>
          <div class="test-contents d-none">
<div class="detail-head">
<div class="p-v-10">
<div class="info">
<h5 class="test-status text-fail">Test case method : sendMessageToCoworker</h5>
<span class='badge badge-success'>11.12.2025 9:55:57 am</span>
<span class='badge badge-danger'>11.12.2025 9:55:58 am</span>
<span class='badge badge-default'>00:00:00:115</span>
&middot; <span class='uri-anchor badge badge-default'>#test-id=1</span>
<span title='Skip to the next failed step' class='badge badge-danger pointer float-right ne ml-1'><i class="fa fa-fast-forward"></i></span>
<span title='Collapse all nodes' class='badge badge-default pointer float-right ct ml-1'><i class="fa fa-compress"></i></span>
<span title='Expand all nodes' class='badge badge-default pointer float-right et'><i class="fa fa-expand"></i></span>
</div>
</div>
</div>    <div class="row mb-3"><div class="col-md-3">
    

<img data-featherlight='C:\ProgramData\Jenkins\.jenkins\workspace\Endlink_Web_Automation\test-output\screenshots\sendMessageToCoworker_2025.11.12.09.55.58.png' src="C:\ProgramData\Jenkins\.jenkins\workspace\Endlink_Web_Automation\test-output\screenshots\sendMessageToCoworker_2025.11.12.09.55.58.png">
  
    

    </div></div>
<div class="detail-body mt-4">
<table class="table table-sm">
  <thead><tr><th class="status-col">Status</th><th class="timestamp-col">Timestamp</th><th class="details-col">Details</th></tr></thead>
  <tbody>
      <tr class="event-row">
        <td><span class="badge log skip-bg">Skip</span></td>
        <td>9:55:57 am</td>
        <td>
          <span class='badge white-text orange'>sendMessageToCoworker - Test case skipped </span>
        </td>
      </tr>
      <tr class="event-row">
        <td><span class="badge log fail-bg">Fail</span></td>
        <td>9:55:57 am</td>
        <td>
          <span class='badge white-text orange'>org.openqa.selenium.NoSuchElementException: no such element: Unable to locate element: {"method":"xpath","selector":"//div[@class='src-components-molecules-searchrecipient-___searchrecipient-m__name___3Y21z']"}
  (Session info: chrome=142.0.7444.60)
For documentation on this error, please visit: https://www.selenium.dev/documentation/webdriver/troubleshooting/errors#no-such-element-exception
Build info: version: '4.25.0', revision: '8a8aea2337'
System info: os.name: 'Windows 11', os.arch: 'amd64', os.version: '10.0', java.version: '21.0.1'
Driver info: org.openqa.selenium.chrome.ChromeDriver
Command: [558b14159aac83aadec8f7a8693f58ba, findElement {using=xpath, value=//div[@class='src-components-molecules-searchrecipient-___searchrecipient-m__name___3Y21z']}]
Capabilities {acceptInsecureCerts: false, browserName: chrome, browserVersion: 142.0.7444.60, chrome: {chromedriverVersion: 142.0.7444.61 (9884f628acbc..., userDataDir: C:\WINDOWS\SystemTemp\scope...}, fedcm:accounts: true, goog:chromeOptions: {debuggerAddress: localhost:50736}, goog:processID: 4136, networkConnectionEnabled: false, pageLoadStrategy: normal, platformName: windows, proxy: Proxy(), se:cdp: ws://localhost:50736/devtoo..., se:cdpVersion: 142.0.7444.60, setWindowRect: true, strictFileInteractability: false, timeouts: {implicit: 0, pageLoad: 300000, script: 30000}, unhandledPromptBehavior: dismiss and notify, webauthn:extension:credBlob: true, webauthn:extension:largeBlob: true, webauthn:extension:minPinLength: true, webauthn:extension:prf: true, webauthn:virtualAuthenticators: true}
Session ID: 558b14159aac83aadec8f7a8693f58ba - Test case failed </span>
        </td>
      </tr>
  </tbody>
</table>
</div>
          </div>
        </li>
        <li class="test-item"  status="pass" test-id="2"
          author=""
          tag=""
          device="">
          <div class="test-detail">
            <p class="name">Test case method : sendMessageToCoworker</p>
            <p class="text-sm">
              <span>9:56:36 am</span> / <span>00:00:00:075</span>
              <span class="badge pass-bg log float-right">Pass</span>
            </p>
          </div>
          <div class="test-contents d-none">
<div class="detail-head">
<div class="p-v-10">
<div class="info">
<h5 class="test-status text-pass">Test case method : sendMessageToCoworker</h5>
<span class='badge badge-success'>11.12.2025 9:56:36 am</span>
<span class='badge badge-danger'>11.12.2025 9:56:36 am</span>
<span class='badge badge-default'>00:00:00:075</span>
&middot; <span class='uri-anchor badge badge-default'>#test-id=2</span>
<span title='Skip to the next failed step' class='badge badge-danger pointer float-right ne ml-1'><i class="fa fa-fast-forward"></i></span>
<span title='Collapse all nodes' class='badge badge-default pointer float-right ct ml-1'><i class="fa fa-compress"></i></span>
<span title='Expand all nodes' class='badge badge-default pointer float-right et'><i class="fa fa-expand"></i></span>
</div>
</div>
</div>    <div class="row mb-3"><div class="col-md-3">
    

<img data-featherlight='C:\ProgramData\Jenkins\.jenkins\workspace\Endlink_Web_Automation\test-output\screenshots\sendMessageToCoworker_2025.11.12.09.56.36.png' src="C:\ProgramData\Jenkins\.jenkins\workspace\Endlink_Web_Automation\test-output\screenshots\sendMessageToCoworker_2025.11.12.09.56.36.png">
  
    

    </div></div>
<div class="detail-body mt-4">
<table class="table table-sm">
  <thead><tr><th class="status-col">Status</th><th class="timestamp-col">Timestamp</th><th class="details-col">Details</th></tr></thead>
  <tbody>
      <tr class="event-row">
        <td><span class="badge log pass-bg">Pass</span></td>
        <td>9:56:36 am</td>
        <td>
          <span class='badge white-text green'>sendMessageToCoworker - Test case passed </span>
        </td>
      </tr>
  </tbody>
</table>
</div>
          </div>
        </li>
        <li class="test-item"  status="pass" test-id="3"
          author=""
          tag=""
          device="">
          <div class="test-detail">
            <p class="name">Test case method : sendMessageInGroup</p>
            <p class="text-sm">
              <span>9:57:10 am</span> / <span>00:00:00:066</span>
              <span class="badge pass-bg log float-right">Pass</span>
            </p>
          </div>
          <div class="test-contents d-none">
<div class="detail-head">
<div class="p-v-10">
<div class="info">
<h5 class="test-status text-pass">Test case method : sendMessageInGroup</h5>
<span class='badge badge-success'>11.12.2025 9:57:10 am</span>
<span class='badge badge-danger'>11.12.2025 9:57:10 am</span>
<span class='badge badge-default'>00:00:00:066</span>
&middot; <span class='uri-anchor badge badge-default'>#test-id=3</span>
<span title='Skip to the next failed step' class='badge badge-danger pointer float-right ne ml-1'><i class="fa fa-fast-forward"></i></span>
<span title='Collapse all nodes' class='badge badge-default pointer float-right ct ml-1'><i class="fa fa-compress"></i></span>
<span title='Expand all nodes' class='badge badge-default pointer float-right et'><i class="fa fa-expand"></i></span>
</div>
</div>
</div>    <div class="row mb-3"><div class="col-md-3">
    

<img data-featherlight='C:\ProgramData\Jenkins\.jenkins\workspace\Endlink_Web_Automation\test-output\screenshots\sendMessageInGroup_2025.11.12.09.57.10.png' src="C:\ProgramData\Jenkins\.jenkins\workspace\Endlink_Web_Automation\test-output\screenshots\sendMessageInGroup_2025.11.12.09.57.10.png">
  
    

    </div></div>
<div class="detail-body mt-4">
<table class="table table-sm">
  <thead><tr><th class="status-col">Status</th><th class="timestamp-col">Timestamp</th><th class="details-col">Details</th></tr></thead>
  <tbody>
      <tr class="event-row">
        <td><span class="badge log pass-bg">Pass</span></td>
        <td>9:57:10 am</td>
        <td>
          <span class='badge white-text green'>sendMessageInGroup - Test case passed </span>
        </td>
      </tr>
  </tbody>
</table>
</div>
          </div>
        </li>
        <li class="test-item"  status="fail" test-id="4"
          author=""
          tag=""
          device="">
          <div class="test-detail">
            <p class="name">Test case method : sendPdfToCoworker</p>
            <p class="text-sm">
              <span>9:57:34 am</span> / <span>00:00:00:083</span>
              <span class="badge fail-bg log float-right">Fail</span>
            </p>
          </div>
          <div class="test-contents d-none">
<div class="detail-head">
<div class="p-v-10">
<div class="info">
<h5 class="test-status text-fail">Test case method : sendPdfToCoworker</h5>
<span class='badge badge-success'>11.12.2025 9:57:34 am</span>
<span class='badge badge-danger'>11.12.2025 9:57:35 am</span>
<span class='badge badge-default'>00:00:00:083</span>
&middot; <span class='uri-anchor badge badge-default'>#test-id=4</span>
<span title='Skip to the next failed step' class='badge badge-danger pointer float-right ne ml-1'><i class="fa fa-fast-forward"></i></span>
<span title='Collapse all nodes' class='badge badge-default pointer float-right ct ml-1'><i class="fa fa-compress"></i></span>
<span title='Expand all nodes' class='badge badge-default pointer float-right et'><i class="fa fa-expand"></i></span>
</div>
</div>
</div>    <div class="row mb-3"><div class="col-md-3">
    

<img data-featherlight='C:\ProgramData\Jenkins\.jenkins\workspace\Endlink_Web_Automation\test-output\screenshots\sendPdfToCoworker_2025.11.12.09.57.34.png' src="C:\ProgramData\Jenkins\.jenkins\workspace\Endlink_Web_Automation\test-output\screenshots\sendPdfToCoworker_2025.11.12.09.57.34.png">
  
    

    </div></div>
<div class="detail-body mt-4">
<table class="table table-sm">
  <thead><tr><th class="status-col">Status</th><th class="timestamp-col">Timestamp</th><th class="details-col">Details</th></tr></thead>
  <tbody>
      <tr class="event-row">
        <td><span class="badge log skip-bg">Skip</span></td>
        <td>9:57:34 am</td>
        <td>
          <span class='badge white-text orange'>sendPdfToCoworker - Test case skipped </span>
        </td>
      </tr>
      <tr class="event-row">
        <td><span class="badge log fail-bg">Fail</span></td>
        <td>9:57:34 am</td>
        <td>
          <span class='badge white-text orange'>org.openqa.selenium.InvalidArgumentException: invalid argument: File not found : /Users/prathameshingale/Desktop/Endlink Automation/Endlink_WebAutomation/src/test/resources/TestFile.pdf
  (Session info: chrome=142.0.7444.60)
Build info: version: '4.25.0', revision: '8a8aea2337'
System info: os.name: 'Windows 11', os.arch: 'amd64', os.version: '10.0', java.version: '21.0.1'
Driver info: org.openqa.selenium.chrome.ChromeDriver
Command: [558b14159aac83aadec8f7a8693f58ba, sendKeysToElement {id=f.4C3AA5F71D69AC9CD999CBB052BC2BAC.d.095F8A9A296C42F1B5F513B5AF9C1C89.e.374, value=[Ljava.lang.CharSequence;@3e8799f}]
Capabilities {acceptInsecureCerts: false, browserName: chrome, browserVersion: 142.0.7444.60, chrome: {chromedriverVersion: 142.0.7444.61 (9884f628acbc..., userDataDir: C:\WINDOWS\SystemTemp\scope...}, fedcm:accounts: true, goog:chromeOptions: {debuggerAddress: localhost:50736}, goog:processID: 4136, networkConnectionEnabled: false, pageLoadStrategy: normal, platformName: windows, proxy: Proxy(), se:cdp: ws://localhost:50736/devtoo..., se:cdpVersion: 142.0.7444.60, setWindowRect: true, strictFileInteractability: false, timeouts: {implicit: 0, pageLoad: 300000, script: 30000}, unhandledPromptBehavior: dismiss and notify, webauthn:extension:credBlob: true, webauthn:extension:largeBlob: true, webauthn:extension:minPinLength: true, webauthn:extension:prf: true, webauthn:virtualAuthenticators: true}
Element: [[ChromeDriver: chrome on windows (558b14159aac83aadec8f7a8693f58ba)] -> id: file-input]
Session ID: 558b14159aac83aadec8f7a8693f58ba - Test case failed </span>
        </td>
      </tr>
  </tbody>
</table>
</div>
          </div>
        </li>
        <li class="test-item"  status="fail" test-id="5"
          author=""
          tag=""
          device="">
          <div class="test-detail">
            <p class="name">Test case method : sendPdfToCoworker</p>
            <p class="text-sm">
              <span>9:57:58 am</span> / <span>00:00:00:083</span>
              <span class="badge fail-bg log float-right">Fail</span>
            </p>
          </div>
          <div class="test-contents d-none">
<div class="detail-head">
<div class="p-v-10">
<div class="info">
<h5 class="test-status text-fail">Test case method : sendPdfToCoworker</h5>
<span class='badge badge-success'>11.12.2025 9:57:58 am</span>
<span class='badge badge-danger'>11.12.2025 9:57:59 am</span>
<span class='badge badge-default'>00:00:00:083</span>
&middot; <span class='uri-anchor badge badge-default'>#test-id=5</span>
<span title='Skip to the next failed step' class='badge badge-danger pointer float-right ne ml-1'><i class="fa fa-fast-forward"></i></span>
<span title='Collapse all nodes' class='badge badge-default pointer float-right ct ml-1'><i class="fa fa-compress"></i></span>
<span title='Expand all nodes' class='badge badge-default pointer float-right et'><i class="fa fa-expand"></i></span>
</div>
</div>
</div>    <div class="row mb-3"><div class="col-md-3">
    

<img data-featherlight='C:\ProgramData\Jenkins\.jenkins\workspace\Endlink_Web_Automation\test-output\screenshots\sendPdfToCoworker_2025.11.12.09.57.58.png' src="C:\ProgramData\Jenkins\.jenkins\workspace\Endlink_Web_Automation\test-output\screenshots\sendPdfToCoworker_2025.11.12.09.57.58.png">
  
    

    </div></div>
<div class="detail-body mt-4">
<table class="table table-sm">
  <thead><tr><th class="status-col">Status</th><th class="timestamp-col">Timestamp</th><th class="details-col">Details</th></tr></thead>
  <tbody>
      <tr class="event-row">
        <td><span class="badge log fail-bg">Fail</span></td>
        <td>9:57:58 am</td>
        <td>
          <span class='badge white-text red'>sendPdfToCoworker - Test case failed </span>
        </td>
      </tr>
      <tr class="event-row">
        <td><span class="badge log fail-bg">Fail</span></td>
        <td>9:57:58 am</td>
        <td>
          <span class='badge white-text red'>org.openqa.selenium.InvalidArgumentException: invalid argument: File not found : /Users/prathameshingale/Desktop/Endlink Automation/Endlink_WebAutomation/src/test/resources/TestFile.pdf
  (Session info: chrome=142.0.7444.60)
Build info: version: '4.25.0', revision: '8a8aea2337'
System info: os.name: 'Windows 11', os.arch: 'amd64', os.version: '10.0', java.version: '21.0.1'
Driver info: org.openqa.selenium.chrome.ChromeDriver
Command: [558b14159aac83aadec8f7a8693f58ba, sendKeysToElement {id=f.4C3AA5F71D69AC9CD999CBB052BC2BAC.d.E052164804DE04D8C3715F409D373C67.e.501, value=[Ljava.lang.CharSequence;@6b649efa}]
Capabilities {acceptInsecureCerts: false, browserName: chrome, browserVersion: 142.0.7444.60, chrome: {chromedriverVersion: 142.0.7444.61 (9884f628acbc..., userDataDir: C:\WINDOWS\SystemTemp\scope...}, fedcm:accounts: true, goog:chromeOptions: {debuggerAddress: localhost:50736}, goog:processID: 4136, networkConnectionEnabled: false, pageLoadStrategy: normal, platformName: windows, proxy: Proxy(), se:cdp: ws://localhost:50736/devtoo..., se:cdpVersion: 142.0.7444.60, setWindowRect: true, strictFileInteractability: false, timeouts: {implicit: 0, pageLoad: 300000, script: 30000}, unhandledPromptBehavior: dismiss and notify, webauthn:extension:credBlob: true, webauthn:extension:largeBlob: true, webauthn:extension:minPinLength: true, webauthn:extension:prf: true, webauthn:virtualAuthenticators: true}
Element: [[ChromeDriver: chrome on windows (558b14159aac83aadec8f7a8693f58ba)] -> id: file-input]
Session ID: 558b14159aac83aadec8f7a8693f58ba - Test case failed </span>
        </td>
      </tr>
  </tbody>
</table>
</div>
          </div>
        </li>
        <li class="test-item"  status="fail" test-id="6"
          author=""
          tag=""
          device="">
          <div class="test-detail">
            <p class="name">Test case method : sendImageToCoworker</p>
            <p class="text-sm">
              <span>9:58:22 am</span> / <span>00:00:00:070</span>
              <span class="badge fail-bg log float-right">Fail</span>
            </p>
          </div>
          <div class="test-contents d-none">
<div class="detail-head">
<div class="p-v-10">
<div class="info">
<h5 class="test-status text-fail">Test case method : sendImageToCoworker</h5>
<span class='badge badge-success'>11.12.2025 9:58:22 am</span>
<span class='badge badge-danger'>11.12.2025 9:58:22 am</span>
<span class='badge badge-default'>00:00:00:070</span>
&middot; <span class='uri-anchor badge badge-default'>#test-id=6</span>
<span title='Skip to the next failed step' class='badge badge-danger pointer float-right ne ml-1'><i class="fa fa-fast-forward"></i></span>
<span title='Collapse all nodes' class='badge badge-default pointer float-right ct ml-1'><i class="fa fa-compress"></i></span>
<span title='Expand all nodes' class='badge badge-default pointer float-right et'><i class="fa fa-expand"></i></span>
</div>
</div>
</div>    <div class="row mb-3"><div class="col-md-3">
    

<img data-featherlight='C:\ProgramData\Jenkins\.jenkins\workspace\Endlink_Web_Automation\test-output\screenshots\sendImageToCoworker_2025.11.12.09.58.22.png' src="C:\ProgramData\Jenkins\.jenkins\workspace\Endlink_Web_Automation\test-output\screenshots\sendImageToCoworker_2025.11.12.09.58.22.png">
  
    

    </div></div>
<div class="detail-body mt-4">
<table class="table table-sm">
  <thead><tr><th class="status-col">Status</th><th class="timestamp-col">Timestamp</th><th class="details-col">Details</th></tr></thead>
  <tbody>
      <tr class="event-row">
        <td><span class="badge log skip-bg">Skip</span></td>
        <td>9:58:22 am</td>
        <td>
          <span class='badge white-text orange'>sendImageToCoworker - Test case skipped </span>
        </td>
      </tr>
      <tr class="event-row">
        <td><span class="badge log fail-bg">Fail</span></td>
        <td>9:58:22 am</td>
        <td>
          <span class='badge white-text orange'>org.openqa.selenium.InvalidArgumentException: invalid argument: File not found : /Users/prathameshingale/Desktop/Endlink Automation/Endlink_WebAutomation/src/test/resources/TestFile.pdf
  (Session info: chrome=142.0.7444.60)
Build info: version: '4.25.0', revision: '8a8aea2337'
System info: os.name: 'Windows 11', os.arch: 'amd64', os.version: '10.0', java.version: '21.0.1'
Driver info: org.openqa.selenium.chrome.ChromeDriver
Command: [558b14159aac83aadec8f7a8693f58ba, sendKeysToElement {id=f.4C3AA5F71D69AC9CD999CBB052BC2BAC.d.7FAA9AF57A9871941709DAE56B5B5EA3.e.586, value=[Ljava.lang.CharSequence;@5fdfe8cf}]
Capabilities {acceptInsecureCerts: false, browserName: chrome, browserVersion: 142.0.7444.60, chrome: {chromedriverVersion: 142.0.7444.61 (9884f628acbc..., userDataDir: C:\WINDOWS\SystemTemp\scope...}, fedcm:accounts: true, goog:chromeOptions: {debuggerAddress: localhost:50736}, goog:processID: 4136, networkConnectionEnabled: false, pageLoadStrategy: normal, platformName: windows, proxy: Proxy(), se:cdp: ws://localhost:50736/devtoo..., se:cdpVersion: 142.0.7444.60, setWindowRect: true, strictFileInteractability: false, timeouts: {implicit: 0, pageLoad: 300000, script: 30000}, unhandledPromptBehavior: dismiss and notify, webauthn:extension:credBlob: true, webauthn:extension:largeBlob: true, webauthn:extension:minPinLength: true, webauthn:extension:prf: true, webauthn:virtualAuthenticators: true}
Element: [[ChromeDriver: chrome on windows (558b14159aac83aadec8f7a8693f58ba)] -> id: image-input]
Session ID: 558b14159aac83aadec8f7a8693f58ba - Test case failed </span>
        </td>
      </tr>
  </tbody>
</table>
</div>
          </div>
        </li>
        <li class="test-item"  status="fail" test-id="7"
          author=""
          tag=""
          device="">
          <div class="test-detail">
            <p class="name">Test case method : sendImageToCoworker</p>
            <p class="text-sm">
              <span>9:58:46 am</span> / <span>00:00:00:065</span>
              <span class="badge fail-bg log float-right">Fail</span>
            </p>
          </div>
          <div class="test-contents d-none">
<div class="detail-head">
<div class="p-v-10">
<div class="info">
<h5 class="test-status text-fail">Test case method : sendImageToCoworker</h5>
<span class='badge badge-success'>11.12.2025 9:58:46 am</span>
<span class='badge badge-danger'>11.12.2025 9:58:46 am</span>
<span class='badge badge-default'>00:00:00:065</span>
&middot; <span class='uri-anchor badge badge-default'>#test-id=7</span>
<span title='Skip to the next failed step' class='badge badge-danger pointer float-right ne ml-1'><i class="fa fa-fast-forward"></i></span>
<span title='Collapse all nodes' class='badge badge-default pointer float-right ct ml-1'><i class="fa fa-compress"></i></span>
<span title='Expand all nodes' class='badge badge-default pointer float-right et'><i class="fa fa-expand"></i></span>
</div>
</div>
</div>    <div class="row mb-3"><div class="col-md-3">
    

<img data-featherlight='C:\ProgramData\Jenkins\.jenkins\workspace\Endlink_Web_Automation\test-output\screenshots\sendImageToCoworker_2025.11.12.09.58.46.png' src="C:\ProgramData\Jenkins\.jenkins\workspace\Endlink_Web_Automation\test-output\screenshots\sendImageToCoworker_2025.11.12.09.58.46.png">
  
    

    </div></div>
<div class="detail-body mt-4">
<table class="table table-sm">
  <thead><tr><th class="status-col">Status</th><th class="timestamp-col">Timestamp</th><th class="details-col">Details</th></tr></thead>
  <tbody>
      <tr class="event-row">
        <td><span class="badge log fail-bg">Fail</span></td>
        <td>9:58:46 am</td>
        <td>
          <span class='badge white-text red'>sendImageToCoworker - Test case failed </span>
        </td>
      </tr>
      <tr class="event-row">
        <td><span class="badge log fail-bg">Fail</span></td>
        <td>9:58:46 am</td>
        <td>
          <span class='badge white-text red'>org.openqa.selenium.InvalidArgumentException: invalid argument: File not found : /Users/prathameshingale/Desktop/Endlink Automation/Endlink_WebAutomation/src/test/resources/TestFile.pdf
  (Session info: chrome=142.0.7444.60)
Build info: version: '4.25.0', revision: '8a8aea2337'
System info: os.name: 'Windows 11', os.arch: 'amd64', os.version: '10.0', java.version: '21.0.1'
Driver info: org.openqa.selenium.chrome.ChromeDriver
Command: [558b14159aac83aadec8f7a8693f58ba, sendKeysToElement {id=f.4C3AA5F71D69AC9CD999CBB052BC2BAC.d.4B23D27CD0EE26A49F93A47DBE740B3B.e.674, value=[Ljava.lang.CharSequence;@54c425b1}]
Capabilities {acceptInsecureCerts: false, browserName: chrome, browserVersion: 142.0.7444.60, chrome: {chromedriverVersion: 142.0.7444.61 (9884f628acbc..., userDataDir: C:\WINDOWS\SystemTemp\scope...}, fedcm:accounts: true, goog:chromeOptions: {debuggerAddress: localhost:50736}, goog:processID: 4136, networkConnectionEnabled: false, pageLoadStrategy: normal, platformName: windows, proxy: Proxy(), se:cdp: ws://localhost:50736/devtoo..., se:cdpVersion: 142.0.7444.60, setWindowRect: true, strictFileInteractability: false, timeouts: {implicit: 0, pageLoad: 300000, script: 30000}, unhandledPromptBehavior: dismiss and notify, webauthn:extension:credBlob: true, webauthn:extension:largeBlob: true, webauthn:extension:minPinLength: true, webauthn:extension:prf: true, webauthn:virtualAuthenticators: true}
Element: [[ChromeDriver: chrome on windows (558b14159aac83aadec8f7a8693f58ba)] -> id: image-input]
Session ID: 558b14159aac83aadec8f7a8693f58ba - Test case failed </span>
        </td>
      </tr>
  </tbody>
</table>
</div>
          </div>
        </li>
        <li class="test-item"  status="fail" test-id="8"
          author=""
          tag=""
          device="">
          <div class="test-detail">
            <p class="name">Test case method : sendVideoToCoworker</p>
            <p class="text-sm">
              <span>9:59:10 am</span> / <span>00:00:00:073</span>
              <span class="badge fail-bg log float-right">Fail</span>
            </p>
          </div>
          <div class="test-contents d-none">
<div class="detail-head">
<div class="p-v-10">
<div class="info">
<h5 class="test-status text-fail">Test case method : sendVideoToCoworker</h5>
<span class='badge badge-success'>11.12.2025 9:59:10 am</span>
<span class='badge badge-danger'>11.12.2025 9:59:10 am</span>
<span class='badge badge-default'>00:00:00:073</span>
&middot; <span class='uri-anchor badge badge-default'>#test-id=8</span>
<span title='Skip to the next failed step' class='badge badge-danger pointer float-right ne ml-1'><i class="fa fa-fast-forward"></i></span>
<span title='Collapse all nodes' class='badge badge-default pointer float-right ct ml-1'><i class="fa fa-compress"></i></span>
<span title='Expand all nodes' class='badge badge-default pointer float-right et'><i class="fa fa-expand"></i></span>
</div>
</div>
</div>    <div class="row mb-3"><div class="col-md-3">
    

<img data-featherlight='C:\ProgramData\Jenkins\.jenkins\workspace\Endlink_Web_Automation\test-output\screenshots\sendVideoToCoworker_2025.11.12.09.59.10.png' src="C:\ProgramData\Jenkins\.jenkins\workspace\Endlink_Web_Automation\test-output\screenshots\sendVideoToCoworker_2025.11.12.09.59.10.png">
  
    

    </div></div>
<div class="detail-body mt-4">
<table class="table table-sm">
  <thead><tr><th class="status-col">Status</th><th class="timestamp-col">Timestamp</th><th class="details-col">Details</th></tr></thead>
  <tbody>
      <tr class="event-row">
        <td><span class="badge log skip-bg">Skip</span></td>
        <td>9:59:10 am</td>
        <td>
          <span class='badge white-text orange'>sendVideoToCoworker - Test case skipped </span>
        </td>
      </tr>
      <tr class="event-row">
        <td><span class="badge log fail-bg">Fail</span></td>
        <td>9:59:10 am</td>
        <td>
          <span class='badge white-text orange'>org.openqa.selenium.InvalidArgumentException: invalid argument: File not found : /Users/prathameshingale/Desktop/Endlink Automation/Endlink_WebAutomation/src/test/resources/TestFile.pdf
  (Session info: chrome=142.0.7444.60)
Build info: version: '4.25.0', revision: '8a8aea2337'
System info: os.name: 'Windows 11', os.arch: 'amd64', os.version: '10.0', java.version: '21.0.1'
Driver info: org.openqa.selenium.chrome.ChromeDriver
Command: [558b14159aac83aadec8f7a8693f58ba, sendKeysToElement {id=f.4C3AA5F71D69AC9CD999CBB052BC2BAC.d.031DECBFFBC95B9C82E5EDAFB9CC5FB1.e.799, value=[Ljava.lang.CharSequence;@418f890f}]
Capabilities {acceptInsecureCerts: false, browserName: chrome, browserVersion: 142.0.7444.60, chrome: {chromedriverVersion: 142.0.7444.61 (9884f628acbc..., userDataDir: C:\WINDOWS\SystemTemp\scope...}, fedcm:accounts: true, goog:chromeOptions: {debuggerAddress: localhost:50736}, goog:processID: 4136, networkConnectionEnabled: false, pageLoadStrategy: normal, platformName: windows, proxy: Proxy(), se:cdp: ws://localhost:50736/devtoo..., se:cdpVersion: 142.0.7444.60, setWindowRect: true, strictFileInteractability: false, timeouts: {implicit: 0, pageLoad: 300000, script: 30000}, unhandledPromptBehavior: dismiss and notify, webauthn:extension:credBlob: true, webauthn:extension:largeBlob: true, webauthn:extension:minPinLength: true, webauthn:extension:prf: true, webauthn:virtualAuthenticators: true}
Element: [[ChromeDriver: chrome on windows (558b14159aac83aadec8f7a8693f58ba)] -> id: video-input]
Session ID: 558b14159aac83aadec8f7a8693f58ba - Test case failed </span>
        </td>
      </tr>
  </tbody>
</table>
</div>
          </div>
        </li>
        <li class="test-item"  status="fail" test-id="9"
          author=""
          tag=""
          device="">
          <div class="test-detail">
            <p class="name">Test case method : sendVideoToCoworker</p>
            <p class="text-sm">
              <span>9:59:34 am</span> / <span>00:00:00:079</span>
              <span class="badge fail-bg log float-right">Fail</span>
            </p>
          </div>
          <div class="test-contents d-none">
<div class="detail-head">
<div class="p-v-10">
<div class="info">
<h5 class="test-status text-fail">Test case method : sendVideoToCoworker</h5>
<span class='badge badge-success'>11.12.2025 9:59:34 am</span>
<span class='badge badge-danger'>11.12.2025 9:59:34 am</span>
<span class='badge badge-default'>00:00:00:079</span>
&middot; <span class='uri-anchor badge badge-default'>#test-id=9</span>
<span title='Skip to the next failed step' class='badge badge-danger pointer float-right ne ml-1'><i class="fa fa-fast-forward"></i></span>
<span title='Collapse all nodes' class='badge badge-default pointer float-right ct ml-1'><i class="fa fa-compress"></i></span>
<span title='Expand all nodes' class='badge badge-default pointer float-right et'><i class="fa fa-expand"></i></span>
</div>
</div>
</div>    <div class="row mb-3"><div class="col-md-3">
    

<img data-featherlight='C:\ProgramData\Jenkins\.jenkins\workspace\Endlink_Web_Automation\test-output\screenshots\sendVideoToCoworker_2025.11.12.09.59.34.png' src="C:\ProgramData\Jenkins\.jenkins\workspace\Endlink_Web_Automation\test-output\screenshots\sendVideoToCoworker_2025.11.12.09.59.34.png">
  
    

    </div></div>
<div class="detail-body mt-4">
<table class="table table-sm">
  <thead><tr><th class="status-col">Status</th><th class="timestamp-col">Timestamp</th><th class="details-col">Details</th></tr></thead>
  <tbody>
      <tr class="event-row">
        <td><span class="badge log fail-bg">Fail</span></td>
        <td>9:59:34 am</td>
        <td>
          <span class='badge white-text red'>sendVideoToCoworker - Test case failed </span>
        </td>
      </tr>
      <tr class="event-row">
        <td><span class="badge log fail-bg">Fail</span></td>
        <td>9:59:34 am</td>
        <td>
          <span class='badge white-text red'>org.openqa.selenium.InvalidArgumentException: invalid argument: File not found : /Users/prathameshingale/Desktop/Endlink Automation/Endlink_WebAutomation/src/test/resources/TestFile.pdf
  (Session info: chrome=142.0.7444.60)
Build info: version: '4.25.0', revision: '8a8aea2337'
System info: os.name: 'Windows 11', os.arch: 'amd64', os.version: '10.0', java.version: '21.0.1'
Driver info: org.openqa.selenium.chrome.ChromeDriver
Command: [558b14159aac83aadec8f7a8693f58ba, sendKeysToElement {id=f.4C3AA5F71D69AC9CD999CBB052BC2BAC.d.120A023D15C70882C965BAD6BB509992.e.911, value=[Ljava.lang.CharSequence;@565d7d2f}]
Capabilities {acceptInsecureCerts: false, browserName: chrome, browserVersion: 142.0.7444.60, chrome: {chromedriverVersion: 142.0.7444.61 (9884f628acbc..., userDataDir: C:\WINDOWS\SystemTemp\scope...}, fedcm:accounts: true, goog:chromeOptions: {debuggerAddress: localhost:50736}, goog:processID: 4136, networkConnectionEnabled: false, pageLoadStrategy: normal, platformName: windows, proxy: Proxy(), se:cdp: ws://localhost:50736/devtoo..., se:cdpVersion: 142.0.7444.60, setWindowRect: true, strictFileInteractability: false, timeouts: {implicit: 0, pageLoad: 300000, script: 30000}, unhandledPromptBehavior: dismiss and notify, webauthn:extension:credBlob: true, webauthn:extension:largeBlob: true, webauthn:extension:minPinLength: true, webauthn:extension:prf: true, webauthn:virtualAuthenticators: true}
Element: [[ChromeDriver: chrome on windows (558b14159aac83aadec8f7a8693f58ba)] -> id: video-input]
Session ID: 558b14159aac83aadec8f7a8693f58ba - Test case failed </span>
        </td>
      </tr>
  </tbody>
</table>
</div>
          </div>
        </li>
        <li class="test-item"  status="pass" test-id="10"
          author=""
          tag=""
          device="">
          <div class="test-detail">
            <p class="name">Test case method : searchFunction</p>
            <p class="text-sm">
              <span>10:00:03 am</span> / <span>00:00:00:043</span>
              <span class="badge pass-bg log float-right">Pass</span>
            </p>
          </div>
          <div class="test-contents d-none">
<div class="detail-head">
<div class="p-v-10">
<div class="info">
<h5 class="test-status text-pass">Test case method : searchFunction</h5>
<span class='badge badge-success'>11.12.2025 10:00:03 am</span>
<span class='badge badge-danger'>11.12.2025 10:00:03 am</span>
<span class='badge badge-default'>00:00:00:043</span>
&middot; <span class='uri-anchor badge badge-default'>#test-id=10</span>
<span title='Skip to the next failed step' class='badge badge-danger pointer float-right ne ml-1'><i class="fa fa-fast-forward"></i></span>
<span title='Collapse all nodes' class='badge badge-default pointer float-right ct ml-1'><i class="fa fa-compress"></i></span>
<span title='Expand all nodes' class='badge badge-default pointer float-right et'><i class="fa fa-expand"></i></span>
</div>
</div>
</div>    <div class="row mb-3"><div class="col-md-3">
    

<img data-featherlight='C:\ProgramData\Jenkins\.jenkins\workspace\Endlink_Web_Automation\test-output\screenshots\searchFunction_2025.11.12.10.00.03.png' src="C:\ProgramData\Jenkins\.jenkins\workspace\Endlink_Web_Automation\test-output\screenshots\searchFunction_2025.11.12.10.00.03.png">
  
    

    </div></div>
<div class="detail-body mt-4">
<table class="table table-sm">
  <thead><tr><th class="status-col">Status</th><th class="timestamp-col">Timestamp</th><th class="details-col">Details</th></tr></thead>
  <tbody>
      <tr class="event-row">
        <td><span class="badge log pass-bg">Pass</span></td>
        <td>10:00:03 am</td>
        <td>
          <span class='badge white-text green'>searchFunction - Test case passed </span>
        </td>
      </tr>
  </tbody>
</table>
</div>
          </div>
        </li>
      </ul>
    </div>
  </div>
<div class="test-content scrollable">
<div class="test-content-tools">
<ul><li><a class="back-to-test" href="#"><i class="fa fa-arrow-left"></i></a></li></ul>
</div>
<div class="test-content-detail"><div class="detail-body"></div></div>
</div></div>
<div class="container-fluid p-4 view dashboard-view">
<div class="row">
<div class="col-md-3">
<div class="card"><div class="card-body">
<p class="m-b-0">Started</p>
<h3>Nov 12, 2025 09:55:38 am</h3>
</div></div>
</div>
<div class="col-md-3">
<div class="card"><div class="card-body">
<p class="m-b-0">Ended</p>
<h3>Nov 12, 2025 10:00:06 am</h3>
</div></div>
</div>
<div class="col-md-3">
<div class="card"><div class="card-body">
<p class="m-b-0 text-pass">Tests Passed</p>
<h3>3</h3>
</div></div>
</div>
<div class="col-md-3">
<div class="card"><div class="card-body">
<p class="m-b-0 text-fail">Tests Failed</p>
<h3>7</h3>
</div></div>
</div>
</div>
<div class="row">
<div class="col-md-6">
<div class="card">
<div class="card-header">
<h6 class="card-title">Tests</h6>
</div>
<div class="card-body">
<div class="">
<canvas id='parent-analysis' width='115' height='90'></canvas>
</div>
</div>
<div class="card-footer">
<div><small data-tooltip='30%'>
<b>3</b> tests passed
</small>
</div>
<div>
<small data-tooltip='70%'><b>7</b> tests failed,
<b>0</b> skipped, <b data-tooltip='0%'>0</b> others
</small>
</div>
</div>
</div>
</div>
<div class="col-md-6">
<div class="card">
<div class="card-header">
<h6 class="card-title">Log events</h6>
</div>
<div class="card-body">
<div class="">
<canvas id='events-analysis' width='115' height='90'></canvas>
</div>
</div>
<div class="card-footer">
<div><small data-tooltip='17%'><b>3</b> events passed</small></div>
<div>
<small data-tooltip='58%'><b>10</b> events failed,
<b data-tooltip='%'>4</b> others
</small>
</div>
</div>
</div>
</div>
</div>
<div class="row"><div class="col-md-12">
<div class="card"><div class="card-header"><p>Timeline</p></div>
<div class="card-body pt-0"><div>
<canvas id="timeline" height="120"></canvas>
</div></div>
</div>
</div></div>
<script>
var timeline = {
"Test case method : sendMessageToCoworker":0.115,"Test case method : sendMessageToCoworker":0.075,"Test case method : sendMessageInGroup":0.066,"Test case method : sendPdfToCoworker":0.083,"Test case method : sendPdfToCoworker":0.083,"Test case method : sendImageToCoworker":0.07,"Test case method : sendImageToCoworker":0.065,"Test case method : sendVideoToCoworker":0.073,"Test case method : sendVideoToCoworker":0.079,"Test case method : searchFunction":0.043
};
</script>
<div class="row">
<div class="col-lg-6 col-md-12 sysenv-container">
<div class="card">
<div class="card-header"><p>System/Environment</p></div>
<div class="card-body pb-0 pt-0"><table class="table table-sm table-bordered">
<thead><tr class="bg-gray"><th>Name</th><th>Value</th></tr></thead>
<tbody>
<tr>
<td>Application</td>
<td>Endlink webapp </td>
</tr>
<tr>
<td>Environment</td>
<td>QA Environment</td>
</tr>
<tr>
<td>User Name</td>
<td>OMKAR$</td>
</tr>
<tr>
<td>OS</td>
<td>MAC</td>
</tr>
<tr>
<td>Browser</td>
<td>chrome</td>
</tr>
</tbody>
</table></div>
</div>
</div>
</div>
</div>
<script>
var statusGroup = {
parentCount: 5,
passParent: 3,
failParent: 7,
warningParent: 0,
skipParent: 0,
childCount: 5,
passChild: 0,
failChild: 0,
warningChild: 0,
skipChild: 0,
infoChild: 0,
grandChildCount: 5,
passGrandChild: 0,
failGrandChild: 0,
warningGrandChild: 0,
skipGrandChild: 0,
infoGrandChild: 0,
eventsCount: 5,
passEvents: 3,
failEvents: 10,
warningEvents: 0,
skipEvents: 4,
infoEvents: 0
};
</script>        </div>
      </div>
    </div>
  </div>
<script src="https://cdn.jsdelivr.net/gh/extent-framework/extent-github-cdn@c05cd28cde1617b9d0c05a831daff6cb97fd9fd5/spark/js/spark-script.js"></script>
<script type="text/javascript"></script></body>
</html>